<?xml version="1.0" encoding="UTF-8"?>
<testng-results skipped="0" failed="0" total="1" passed="1">
  <reporter-output>
  </reporter-output>
  <suite name="Default suite" duration-ms="19336" started-at="2019-10-01T07:34:37Z" finished-at="2019-10-01T07:34:56Z">
    <groups>
    </groups>
    <test name="Default test" duration-ms="19336" started-at="2019-10-01T07:34:37Z" finished-at="2019-10-01T07:34:56Z">
      <class name="practicle.P1testNg">
        <test-method status="PASS" signature="launch()[pri:0, instance:practicle.P1testNg@523884b2]" name="launch" is-config="true" duration-ms="6147" started-at="2019-10-01T13:04:37Z" finished-at="2019-10-01T13:04:43Z">
          <reporter-output>
          </reporter-output>
        </test-method> <!-- launch -->
        <test-method status="PASS" signature="fillup()[pri:0, instance:practicle.P1testNg@523884b2]" name="fillup" duration-ms="10901" started-at="2019-10-01T13:04:43Z" finished-at="2019-10-01T13:04:54Z">
          <reporter-output>
          </reporter-output>
        </test-method> <!-- fillup -->
        <test-method status="PASS" signature="close()[pri:0, instance:practicle.P1testNg@523884b2]" name="close" is-config="true" duration-ms="2277" started-at="2019-10-01T13:04:54Z" finished-at="2019-10-01T13:04:56Z">
          <reporter-output>
          </reporter-output>
        </test-method> <!-- close -->
      </class> <!-- practicle.P1testNg -->
    </test> <!-- Default test -->
  </suite> <!-- Default suite -->
</testng-results>
